This is pdfTeX, Version 3.14159265-2.6-1.40.16 (MiKTeX 2.9) (preloaded format=pdflatex 2016.3.14)  10 APR 2016 23:18
entering extended mode
**./Tomasovo_mpc.tex
(Tomasovo_mpc.tex
LaTeX2e <2015/10/01> patch level 2
Babel <3.9n> and hyphenation patterns for 69 languages loaded.
("C:\Program Files (x86)\MiKTeX 2.9\tex\latex\base\article.cls"
Document Class: article 2014/09/29 v1.4h Standard LaTeX document class
("C:\Program Files (x86)\MiKTeX 2.9\tex\latex\base\size10.clo"
File: size10.clo 2014/09/29 v1.4h Standard LaTeX file (size option)
)
\c@part=\count79
\c@section=\count80
\c@subsection=\count81
\c@subsubsection=\count82
\c@paragraph=\count83
\c@subparagraph=\count84
\c@figure=\count85
\c@table=\count86
\abovecaptionskip=\skip41
\belowcaptionskip=\skip42
\bibindent=\dimen102
)
("C:\Program Files (x86)\MiKTeX 2.9\tex\latex\graphics\color.sty"
Package: color 2014/10/28 v1.1a Standard LaTeX Color (DPC)

("C:\Program Files (x86)\MiKTeX 2.9\tex\latex\00miktex\color.cfg"
File: color.cfg 2007/01/18 v1.5 color configuration of teTeX/TeXLive
)
Package color Info: Driver file: pdftex.def on input line 142.

("C:\Program Files (x86)\MiKTeX 2.9\tex\latex\pdftex-def\pdftex.def"
File: pdftex.def 2011/05/27 v0.06d Graphics/color for pdfTeX

("C:\Program Files (x86)\MiKTeX 2.9\tex\generic\oberdiek\infwarerr.sty"
Package: infwarerr 2010/04/08 v1.3 Providing info/warning/error messages (HO)
)
("C:\Program Files (x86)\MiKTeX 2.9\tex\generic\oberdiek\ltxcmds.sty"
Package: ltxcmds 2011/11/09 v1.22 LaTeX kernel commands for general use (HO)
)
\Gread@gobject=\count87
))
("C:\Program Files (x86)\MiKTeX 2.9\tex\latex\amsmath\amsmath.sty"
Package: amsmath 2013/01/14 v2.14 AMS math features
\@mathmargin=\skip43

For additional information on amsmath, use the `?' option.
("C:\Program Files (x86)\MiKTeX 2.9\tex\latex\amsmath\amstext.sty"
Package: amstext 2000/06/29 v2.01

("C:\Program Files (x86)\MiKTeX 2.9\tex\latex\amsmath\amsgen.sty"
File: amsgen.sty 1999/11/30 v2.0
\@emptytoks=\toks14
\ex@=\dimen103
))
("C:\Program Files (x86)\MiKTeX 2.9\tex\latex\amsmath\amsbsy.sty"
Package: amsbsy 1999/11/29 v1.2d
\pmbraise@=\dimen104
)
("C:\Program Files (x86)\MiKTeX 2.9\tex\latex\amsmath\amsopn.sty"
Package: amsopn 1999/12/14 v2.01 operator names
)
\inf@bad=\count88
LaTeX Info: Redefining \frac on input line 210.
\uproot@=\count89
\leftroot@=\count90
LaTeX Info: Redefining \overline on input line 306.
\classnum@=\count91
\DOTSCASE@=\count92
LaTeX Info: Redefining \ldots on input line 378.
LaTeX Info: Redefining \dots on input line 381.
LaTeX Info: Redefining \cdots on input line 466.
\Mathstrutbox@=\box26
\strutbox@=\box27
\big@size=\dimen105
LaTeX Font Info:    Redeclaring font encoding OML on input line 566.
LaTeX Font Info:    Redeclaring font encoding OMS on input line 567.
\macc@depth=\count93
\c@MaxMatrixCols=\count94
\dotsspace@=\muskip10
\c@parentequation=\count95
\dspbrk@lvl=\count96
\tag@help=\toks15
\row@=\count97
\column@=\count98
\maxfields@=\count99
\andhelp@=\toks16
\eqnshift@=\dimen106
\alignsep@=\dimen107
\tagshift@=\dimen108
\tagwidth@=\dimen109
\totwidth@=\dimen110
\lineht@=\dimen111
\@envbody=\toks17
\multlinegap=\skip44
\multlinetaggap=\skip45
\mathdisplay@stack=\toks18
LaTeX Info: Redefining \[ on input line 2665.
LaTeX Info: Redefining \] on input line 2666.
)
("C:\Program Files (x86)\MiKTeX 2.9\tex\latex\caption\subcaption.sty"
Package: subcaption 2016/02/20 v1.1-142 Sub-captions (AR)

("C:\Program Files (x86)\MiKTeX 2.9\tex\latex\caption\caption.sty"
Package: caption 2016/02/21 v3.3-144 Customizing captions (AR)

("C:\Program Files (x86)\MiKTeX 2.9\tex\latex\caption\caption3.sty"
Package: caption3 2016/02/04 v1.7-139 caption3 kernel (AR)
Package caption3 Info: TeX engine: e-TeX on input line 67.

("C:\Program Files (x86)\MiKTeX 2.9\tex\latex\graphics\keyval.sty"
Package: keyval 2014/10/28 v1.15 key=value parser (DPC)
\KV@toks@=\toks19
)
\captionmargin=\dimen112
\captionmargin@=\dimen113
\captionwidth=\dimen114
\caption@tempdima=\dimen115
\caption@indent=\dimen116
\caption@parindent=\dimen117
\caption@hangindent=\dimen118
)
\c@ContinuedFloat=\count100
)
\c@subfigure=\count101
\c@subtable=\count102
)
("C:\Program Files (x86)\MiKTeX 2.9\tex\latex\graphics\graphicx.sty"
Package: graphicx 2014/10/28 v1.0g Enhanced LaTeX Graphics (DPC,SPQR)

("C:\Program Files (x86)\MiKTeX 2.9\tex\latex\graphics\graphics.sty"
Package: graphics 2014/10/28 v1.0p Standard LaTeX Graphics (DPC,SPQR)

("C:\Program Files (x86)\MiKTeX 2.9\tex\latex\graphics\trig.sty"
Package: trig 1999/03/16 v1.09 sin cos tan (DPC)
)
("C:\Program Files (x86)\MiKTeX 2.9\tex\latex\00miktex\graphics.cfg"
File: graphics.cfg 2007/01/18 v1.5 graphics configuration of teTeX/TeXLive
)
Package graphics Info: Driver file: pdftex.def on input line 94.
)
\Gin@req@height=\dimen119
\Gin@req@width=\dimen120
)
("C:\Program Files (x86)\MiKTeX 2.9\tex\latex\oberdiek\grffile.sty"
Package: grffile 2012/04/05 v1.16 Extended file name support for graphics (HO)

("C:\Program Files (x86)\MiKTeX 2.9\tex\generic\oberdiek\ifpdf.sty"
Package: ifpdf 2011/01/30 v2.3 Provides the ifpdf switch (HO)
Package ifpdf Info: pdfTeX in PDF mode is detected.
)
("C:\Program Files (x86)\MiKTeX 2.9\tex\generic\ifxetex\ifxetex.sty"
Package: ifxetex 2010/09/12 v0.6 Provides ifxetex conditional
)
("C:\Program Files (x86)\MiKTeX 2.9\tex\latex\oberdiek\kvoptions.sty"
Package: kvoptions 2011/06/30 v3.11 Key value format for package options (HO)

("C:\Program Files (x86)\MiKTeX 2.9\tex\generic\oberdiek\kvsetkeys.sty"
Package: kvsetkeys 2012/04/25 v1.16 Key value parser (HO)

("C:\Program Files (x86)\MiKTeX 2.9\tex\generic\oberdiek\etexcmds.sty"
Package: etexcmds 2011/02/16 v1.5 Avoid name clashes with e-TeX commands (HO)

("C:\Program Files (x86)\MiKTeX 2.9\tex\generic\oberdiek\ifluatex.sty"
Package: ifluatex 2010/03/01 v1.3 Provides the ifluatex switch (HO)
Package ifluatex Info: LuaTeX not detected.
)
Package etexcmds Info: Could not find \expanded.
(etexcmds)             That can mean that you are not using pdfTeX 1.50 or
(etexcmds)             that some package has redefined \expanded.
(etexcmds)             In the latter case, load this package earlier.
)))
("C:\Program Files (x86)\MiKTeX 2.9\tex\generic\oberdiek\pdftexcmds.sty"
Package: pdftexcmds 2011/11/29 v0.20 Utility functions of pdfTeX for LuaTeX (HO
)
Package pdftexcmds Info: LuaTeX not detected.
Package pdftexcmds Info: \pdf@primitive is available.
Package pdftexcmds Info: \pdf@ifprimitive is available.
Package pdftexcmds Info: \pdfdraftmode found.
)
Package grffile Info: Option `multidot' is set to `true'.
Package grffile Info: Option `extendedchars' is set to `false'.
Package grffile Info: Option `space' is set to `true'.
Package grffile Info: \Gin@ii of package `graphicx' fixed on input line 486.
)
("C:\Program Files (x86)\MiKTeX 2.9\tex\latex\oberdiek\epstopdf.sty"
Package: epstopdf 2010/02/09 v2.5 Conversion with epstopdf on the fly (HO)

("C:\Program Files (x86)\MiKTeX 2.9\tex\latex\oberdiek\epstopdf-base.sty"
Package: epstopdf-base 2010/02/09 v2.5 Base part for package epstopdf

("C:\Program Files (x86)\MiKTeX 2.9\tex\latex\oberdiek\grfext.sty"
Package: grfext 2010/08/19 v1.1 Manage graphics extensions (HO)

("C:\Program Files (x86)\MiKTeX 2.9\tex\generic\oberdiek\kvdefinekeys.sty"
Package: kvdefinekeys 2011/04/07 v1.3 Define keys (HO)
))
Package grfext Info: Graphics extension search list:
(grfext)             [.png,.pdf,.jpg,.mps,.jpeg,.jbig2,.jb2,.PNG,.PDF,.JPG,.JPE
G,.JBIG2,.JB2,.eps]
(grfext)             \AppendGraphicsExtensions on input line 452.
))
(Tomasovo_mpc.aux

LaTeX Warning: Label `eq:attitude_LTI_big_identified' multiply defined.

)
\openout1 = `Tomasovo_mpc.aux'.

LaTeX Font Info:    Checking defaults for OML/cmm/m/it on input line 10.
LaTeX Font Info:    ... okay on input line 10.
LaTeX Font Info:    Checking defaults for T1/cmr/m/n on input line 10.
LaTeX Font Info:    ... okay on input line 10.
LaTeX Font Info:    Checking defaults for OT1/cmr/m/n on input line 10.
LaTeX Font Info:    ... okay on input line 10.
LaTeX Font Info:    Checking defaults for OMS/cmsy/m/n on input line 10.
LaTeX Font Info:    ... okay on input line 10.
LaTeX Font Info:    Checking defaults for OMX/cmex/m/n on input line 10.
LaTeX Font Info:    ... okay on input line 10.
LaTeX Font Info:    Checking defaults for U/cmr/m/n on input line 10.
LaTeX Font Info:    ... okay on input line 10.
 ("C:\Program Files (x86)\MiKTeX 2.9\tex\context\base\supp-pdf.mkii"
[Loading MPS to PDF converter (version 2006.09.02).]
\scratchcounter=\count103
\scratchdimen=\dimen121
\scratchbox=\box28
\nofMPsegments=\count104
\nofMParguments=\count105
\everyMPshowfont=\toks20
\MPscratchCnt=\count106
\MPscratchDim=\dimen122
\MPnumerator=\count107
\makeMPintoPDFobject=\count108
\everyMPtoPDFconversion=\toks21
)
Package caption Info: Begin \AtBeginDocument code.
Package caption Info: End \AtBeginDocument code.
 [1

{C:/Users/Jan/AppData/Local/MiKTeX/2.9/pdftex/config/pdftex.map}] [2]
(Tomasovo_mpc.aux)

LaTeX Warning: There were multiply-defined labels.

 ) 
Here is how much of TeX's memory you used:
 3295 strings out of 493634
 50270 string characters out of 3141320
 120408 words of memory out of 3000000
 6660 multiletter control sequences out of 15000+200000
 5626 words of font info for 21 fonts, out of 3000000 for 9000
 1025 hyphenation exceptions out of 8191
 42i,21n,40p,292b,221s stack positions out of 5000i,500n,10000p,200000b,50000s
<C:/Program Files (x86)/MiKTeX 2.9/fonts/type1/public/amsfonts/cm/cmbx10.pfb>
<C:/Program Files (x86)/MiKTeX 2.9/fonts/type1/public/amsfonts/cm/cmbx12.pfb><C
:/Program Files (x86)/MiKTeX 2.9/fonts/type1/public/amsfonts/cm/cmex10.pfb><C:/
Program Files (x86)/MiKTeX 2.9/fonts/type1/public/amsfonts/cm/cmmi10.pfb><C:/Pr
ogram Files (x86)/MiKTeX 2.9/fonts/type1/public/amsfonts/cm/cmmi7.pfb><C:/Progr
am Files (x86)/MiKTeX 2.9/fonts/type1/public/amsfonts/cm/cmr10.pfb><C:/Program 
Files (x86)/MiKTeX 2.9/fonts/type1/public/amsfonts/cm/cmr7.pfb><C:/Program File
s (x86)/MiKTeX 2.9/fonts/type1/public/amsfonts/cm/cmsy7.pfb>
Output written on Tomasovo_mpc.pdf (2 pages, 85745 bytes).
PDF statistics:
 41 PDF objects out of 1000 (max. 8388607)
 0 named destinations out of 1000 (max. 500000)
 1 words of extra memory for PDF output out of 10000 (max. 10000000)

